[debug] [2022-01-03T13:12:41.968Z] ----------------------------------------------------------------------
[debug] [2022-01-03T13:12:41.970Z] Command:       C:\Program Files\nodejs\node.exe C:\Users\jobay\AppData\Roaming\npm\node_modules\firebase-tools\lib\bin\firebase.js init
[debug] [2022-01-03T13:12:41.970Z] CLI Version:   10.0.1
[debug] [2022-01-03T13:12:41.971Z] Platform:      win32
[debug] [2022-01-03T13:12:41.971Z] Node Version:  v16.6.1
[debug] [2022-01-03T13:12:41.978Z] Time:          Mon Jan 03 2022 19:12:41 GMT+0600 (Bangladesh Standard Time)
[debug] [2022-01-03T13:12:41.978Z] ----------------------------------------------------------------------
[debug] 
[debug] [2022-01-03T13:12:41.983Z] >>> [apiv2][query] GET https://firebase-public.firebaseio.com/cli.json [none]
[debug] [2022-01-03T13:12:42.128Z] > command requires scopes: ["email","openid","https://www.googleapis.com/auth/cloudplatformprojects.readonly","https://www.googleapis.com/auth/firebase","https://www.googleapis.com/auth/cloud-platform"]
[debug] [2022-01-03T13:12:42.128Z] > authorizing via signed-in user (rahmanjobayer71@gmail.com)
[info] 
     ######## #### ########  ######## ########     ###     ######  ########
     ##        ##  ##     ## ##       ##     ##  ##   ##  ##       ##
     ######    ##  ########  ######   ########  #########  ######  ######
     ##        ##  ##    ##  ##       ##     ## ##     ##       ## ##
     ##       #### ##     ## ######## ########  ##     ##  ######  ########

You're about to initialize a Firebase project in this directory:

  E:\React\assignment\assignment-11\travel-management-client

Before we get started, keep in mind:

  * You are initializing within an existing Firebase project directory

[debug] [2022-01-03T13:12:45.079Z] <<< [apiv2][status] GET https://firebase-public.firebaseio.com/cli.json 200
[debug] [2022-01-03T13:12:45.080Z] <<< [apiv2][body] GET https://firebase-public.firebaseio.com/cli.json {"cloudBuildErrorAfter":1594252800000,"cloudBuildWarnAfter":1590019200000,"defaultNode10After":1594252800000,"minVersion":"3.0.5","node8DeploysDisabledAfter":1613390400000,"node8RuntimeDisabledAfter":1615809600000,"node8WarnAfter":1600128000000}
